<?xml version="1.0" encoding="UTF-8" ?>
<testsuites disabled="0" errors="0" failures="4" tests="4" time="24.167">
 <testsuite name="Angular + Okta App" timestamp="2019-06-26T11:59:08" hostname="localhost" time="24.167" errors="0" tests="4" skipped="0" disabled="0" failures="4">
  <testcase classname="Angular + Okta App" name="should redirect to Okta for login when trying to access a protected page" time="6.301">
   <failure type="exception" message="Failed: Wait timed out after 5064ms"><![CDATA[TimeoutError: Wait timed out after 5064ms
    at /Users/eduardo/projects/landingzone-api/okta-oidc-js/packages/okta-angular/test/e2e/harness/node_modules/selenium-webdriver/lib/promise.js:2201:17
    at ManagedPromise.invokeCallback_ (/Users/eduardo/projects/landingzone-api/okta-oidc-js/packages/okta-angular/test/e2e/harness/node_modules/selenium-webdriver/lib/promise.js:1376:14)
    at TaskQueue.execute_ (/Users/eduardo/projects/landingzone-api/okta-oidc-js/packages/okta-angular/test/e2e/harness/node_modules/selenium-webdriver/lib/promise.js:3084:14)
    at TaskQueue.executeNext_ (/Users/eduardo/projects/landingzone-api/okta-oidc-js/packages/okta-angular/test/e2e/harness/node_modules/selenium-webdriver/lib/promise.js:3067:27)
    at asyncRun (/Users/eduardo/projects/landingzone-api/okta-oidc-js/packages/okta-angular/test/e2e/harness/node_modules/selenium-webdriver/lib/promise.js:2927:27)
    at /Users/eduardo/projects/landingzone-api/okta-oidc-js/packages/okta-angular/test/e2e/harness/node_modules/selenium-webdriver/lib/promise.js:668:7
    at process._tickCallback (internal/process/next_tick.js:68:7)
From: Task: <anonymous wait>
    at ControlFlow.protractor_1.browser.driver.controlFlow.execute (/Users/eduardo/projects/landingzone-api/okta-oidc-js/packages/okta-angular/test/e2e/harness/e2e/utils.ts:27:21)
    at scheduleWait (/Users/eduardo/projects/landingzone-api/okta-oidc-js/packages/okta-angular/test/e2e/harness/node_modules/selenium-webdriver/lib/promise.js:2188:20)
    at ControlFlow.wait (/Users/eduardo/projects/landingzone-api/okta-oidc-js/packages/okta-angular/test/e2e/harness/node_modules/selenium-webdriver/lib/promise.js:2517:12)
    at Driver.wait (/Users/eduardo/projects/landingzone-api/okta-oidc-js/packages/okta-angular/test/e2e/harness/node_modules/selenium-webdriver/lib/webdriver.js:934:29)
    at run (/Users/eduardo/projects/landingzone-api/okta-oidc-js/packages/okta-angular/test/e2e/harness/node_modules/protractor/built/browser.js:59:33)
    at ProtractorBrowser.to.(anonymous function) [as wait] (/Users/eduardo/projects/landingzone-api/okta-oidc-js/packages/okta-angular/test/e2e/harness/node_modules/protractor/built/browser.js:67:16)
    at OktaSignInPage.waitUntilVisible (/Users/eduardo/projects/landingzone-api/okta-oidc-js/packages/okta-angular/test/e2e/harness/e2e/page-objects/okta-signin.po.ts:24:15)
    at UserContext.<anonymous> (/Users/eduardo/projects/landingzone-api/okta-oidc-js/packages/okta-angular/test/e2e/harness/e2e/app.e2e-spec.ts:42:19)
    at /Users/eduardo/projects/landingzone-api/okta-oidc-js/packages/okta-angular/test/e2e/harness/node_modules/jasminewd2/index.js:112:25
    at new ManagedPromise (/Users/eduardo/projects/landingzone-api/okta-oidc-js/packages/okta-angular/test/e2e/harness/node_modules/selenium-webdriver/lib/promise.js:1077:7)
From: Task: Run it("should redirect to Okta for login when trying to access a protected page") in control flow
    at ControlFlow.protractor_1.browser.driver.controlFlow.execute (/Users/eduardo/projects/landingzone-api/okta-oidc-js/packages/okta-angular/test/e2e/harness/e2e/utils.ts:27:21)
    at UserContext.<anonymous> (/Users/eduardo/projects/landingzone-api/okta-oidc-js/packages/okta-angular/test/e2e/harness/node_modules/jasminewd2/index.js:94:19)
    at attempt (/Users/eduardo/projects/landingzone-api/okta-oidc-js/packages/okta-angular/test/e2e/harness/node_modules/jasmine/node_modules/jasmine-core/lib/jasmine-core/jasmine.js:4297:26)
    at QueueRunner.run (/Users/eduardo/projects/landingzone-api/okta-oidc-js/packages/okta-angular/test/e2e/harness/node_modules/jasmine/node_modules/jasmine-core/lib/jasmine-core/jasmine.js:4217:20)
    at runNext (/Users/eduardo/projects/landingzone-api/okta-oidc-js/packages/okta-angular/test/e2e/harness/node_modules/jasmine/node_modules/jasmine-core/lib/jasmine-core/jasmine.js:4257:20)
    at /Users/eduardo/projects/landingzone-api/okta-oidc-js/packages/okta-angular/test/e2e/harness/node_modules/jasmine/node_modules/jasmine-core/lib/jasmine-core/jasmine.js:4264:13
    at /Users/eduardo/projects/landingzone-api/okta-oidc-js/packages/okta-angular/test/e2e/harness/node_modules/jasmine/node_modules/jasmine-core/lib/jasmine-core/jasmine.js:4172:9
    at /Users/eduardo/projects/landingzone-api/okta-oidc-js/packages/okta-angular/test/e2e/harness/node_modules/jasminewd2/index.js:64:48
    at ControlFlow.emit (/Users/eduardo/projects/landingzone-api/okta-oidc-js/packages/okta-angular/test/e2e/harness/node_modules/selenium-webdriver/lib/events.js:62:21)
    at ControlFlow.shutdown_ (/Users/eduardo/projects/landingzone-api/okta-oidc-js/packages/okta-angular/test/e2e/harness/node_modules/selenium-webdriver/lib/promise.js:2674:10)
From asynchronous test: 
Error
    at Suite.<anonymous> (/Users/eduardo/projects/landingzone-api/okta-oidc-js/packages/okta-angular/test/e2e/harness/e2e/app.e2e-spec.ts:39:3)
    at addSpecsToSuite (/Users/eduardo/projects/landingzone-api/okta-oidc-js/packages/okta-angular/test/e2e/harness/node_modules/jasmine/node_modules/jasmine-core/lib/jasmine-core/jasmine.js:1107:25)
    at Env.describe (/Users/eduardo/projects/landingzone-api/okta-oidc-js/packages/okta-angular/test/e2e/harness/node_modules/jasmine/node_modules/jasmine-core/lib/jasmine-core/jasmine.js:1074:7)
    at describe (/Users/eduardo/projects/landingzone-api/okta-oidc-js/packages/okta-angular/test/e2e/harness/node_modules/jasmine/node_modules/jasmine-core/lib/jasmine-core/jasmine.js:4399:18)
    at Object.<anonymous> (/Users/eduardo/projects/landingzone-api/okta-oidc-js/packages/okta-angular/test/e2e/harness/e2e/app.e2e-spec.ts:24:1)
    at Module._compile (internal/modules/cjs/loader.js:776:30)
    at Module.m._compile (/Users/eduardo/projects/landingzone-api/okta-oidc-js/packages/okta-angular/test/e2e/harness/node_modules/ts-node/src/index.ts:392:23)
    at Module._extensions..js (internal/modules/cjs/loader.js:787:10)
    at Object.require.extensions.(anonymous function) [as .ts] (/Users/eduardo/projects/landingzone-api/okta-oidc-js/packages/okta-angular/test/e2e/harness/node_modules/ts-node/src/index.ts:395:12)]]>
   </failure>
  </testcase>
  <testcase classname="Angular + Okta App" name="should preserve query paramaters after redirecting to Okta" time="5.989">
   <failure type="exception" message="Failed: Wait timed out after 5050ms"><![CDATA[TimeoutError: Wait timed out after 5050ms
    at /Users/eduardo/projects/landingzone-api/okta-oidc-js/packages/okta-angular/test/e2e/harness/node_modules/selenium-webdriver/lib/promise.js:2201:17
    at ManagedPromise.invokeCallback_ (/Users/eduardo/projects/landingzone-api/okta-oidc-js/packages/okta-angular/test/e2e/harness/node_modules/selenium-webdriver/lib/promise.js:1376:14)
    at TaskQueue.execute_ (/Users/eduardo/projects/landingzone-api/okta-oidc-js/packages/okta-angular/test/e2e/harness/node_modules/selenium-webdriver/lib/promise.js:3084:14)
    at TaskQueue.executeNext_ (/Users/eduardo/projects/landingzone-api/okta-oidc-js/packages/okta-angular/test/e2e/harness/node_modules/selenium-webdriver/lib/promise.js:3067:27)
    at asyncRun (/Users/eduardo/projects/landingzone-api/okta-oidc-js/packages/okta-angular/test/e2e/harness/node_modules/selenium-webdriver/lib/promise.js:2927:27)
    at /Users/eduardo/projects/landingzone-api/okta-oidc-js/packages/okta-angular/test/e2e/harness/node_modules/selenium-webdriver/lib/promise.js:668:7
    at process._tickCallback (internal/process/next_tick.js:68:7)
From: Task: <anonymous wait>
    at ControlFlow.protractor_1.browser.driver.controlFlow.execute (/Users/eduardo/projects/landingzone-api/okta-oidc-js/packages/okta-angular/test/e2e/harness/e2e/utils.ts:27:21)
    at scheduleWait (/Users/eduardo/projects/landingzone-api/okta-oidc-js/packages/okta-angular/test/e2e/harness/node_modules/selenium-webdriver/lib/promise.js:2188:20)
    at ControlFlow.wait (/Users/eduardo/projects/landingzone-api/okta-oidc-js/packages/okta-angular/test/e2e/harness/node_modules/selenium-webdriver/lib/promise.js:2517:12)
    at Driver.wait (/Users/eduardo/projects/landingzone-api/okta-oidc-js/packages/okta-angular/test/e2e/harness/node_modules/selenium-webdriver/lib/webdriver.js:934:29)
    at run (/Users/eduardo/projects/landingzone-api/okta-oidc-js/packages/okta-angular/test/e2e/harness/node_modules/protractor/built/browser.js:59:33)
    at ProtractorBrowser.to.(anonymous function) [as wait] (/Users/eduardo/projects/landingzone-api/okta-oidc-js/packages/okta-angular/test/e2e/harness/node_modules/protractor/built/browser.js:67:16)
    at OktaSignInPage.waitUntilVisible (/Users/eduardo/projects/landingzone-api/okta-oidc-js/packages/okta-angular/test/e2e/harness/e2e/page-objects/okta-signin.po.ts:24:15)
    at UserContext.<anonymous> (/Users/eduardo/projects/landingzone-api/okta-oidc-js/packages/okta-angular/test/e2e/harness/e2e/app.e2e-spec.ts:74:19)
    at /Users/eduardo/projects/landingzone-api/okta-oidc-js/packages/okta-angular/test/e2e/harness/node_modules/jasminewd2/index.js:112:25
    at new ManagedPromise (/Users/eduardo/projects/landingzone-api/okta-oidc-js/packages/okta-angular/test/e2e/harness/node_modules/selenium-webdriver/lib/promise.js:1077:7)
From: Task: Run it("should preserve query paramaters after redirecting to Okta") in control flow
    at ControlFlow.protractor_1.browser.driver.controlFlow.execute (/Users/eduardo/projects/landingzone-api/okta-oidc-js/packages/okta-angular/test/e2e/harness/e2e/utils.ts:27:21)
    at UserContext.<anonymous> (/Users/eduardo/projects/landingzone-api/okta-oidc-js/packages/okta-angular/test/e2e/harness/node_modules/jasminewd2/index.js:94:19)
    at attempt (/Users/eduardo/projects/landingzone-api/okta-oidc-js/packages/okta-angular/test/e2e/harness/node_modules/jasmine/node_modules/jasmine-core/lib/jasmine-core/jasmine.js:4297:26)
    at QueueRunner.run (/Users/eduardo/projects/landingzone-api/okta-oidc-js/packages/okta-angular/test/e2e/harness/node_modules/jasmine/node_modules/jasmine-core/lib/jasmine-core/jasmine.js:4217:20)
    at runNext (/Users/eduardo/projects/landingzone-api/okta-oidc-js/packages/okta-angular/test/e2e/harness/node_modules/jasmine/node_modules/jasmine-core/lib/jasmine-core/jasmine.js:4257:20)
    at /Users/eduardo/projects/landingzone-api/okta-oidc-js/packages/okta-angular/test/e2e/harness/node_modules/jasmine/node_modules/jasmine-core/lib/jasmine-core/jasmine.js:4264:13
    at /Users/eduardo/projects/landingzone-api/okta-oidc-js/packages/okta-angular/test/e2e/harness/node_modules/jasmine/node_modules/jasmine-core/lib/jasmine-core/jasmine.js:4172:9
    at /Users/eduardo/projects/landingzone-api/okta-oidc-js/packages/okta-angular/test/e2e/harness/node_modules/jasminewd2/index.js:64:48
    at ControlFlow.emit (/Users/eduardo/projects/landingzone-api/okta-oidc-js/packages/okta-angular/test/e2e/harness/node_modules/selenium-webdriver/lib/events.js:62:21)
    at ControlFlow.shutdown_ (/Users/eduardo/projects/landingzone-api/okta-oidc-js/packages/okta-angular/test/e2e/harness/node_modules/selenium-webdriver/lib/promise.js:2674:10)
From asynchronous test: 
Error
    at Suite.<anonymous> (/Users/eduardo/projects/landingzone-api/okta-oidc-js/packages/okta-angular/test/e2e/harness/e2e/app.e2e-spec.ts:71:3)
    at addSpecsToSuite (/Users/eduardo/projects/landingzone-api/okta-oidc-js/packages/okta-angular/test/e2e/harness/node_modules/jasmine/node_modules/jasmine-core/lib/jasmine-core/jasmine.js:1107:25)
    at Env.describe (/Users/eduardo/projects/landingzone-api/okta-oidc-js/packages/okta-angular/test/e2e/harness/node_modules/jasmine/node_modules/jasmine-core/lib/jasmine-core/jasmine.js:1074:7)
    at describe (/Users/eduardo/projects/landingzone-api/okta-oidc-js/packages/okta-angular/test/e2e/harness/node_modules/jasmine/node_modules/jasmine-core/lib/jasmine-core/jasmine.js:4399:18)
    at Object.<anonymous> (/Users/eduardo/projects/landingzone-api/okta-oidc-js/packages/okta-angular/test/e2e/harness/e2e/app.e2e-spec.ts:24:1)
    at Module._compile (internal/modules/cjs/loader.js:776:30)
    at Module.m._compile (/Users/eduardo/projects/landingzone-api/okta-oidc-js/packages/okta-angular/test/e2e/harness/node_modules/ts-node/src/index.ts:392:23)
    at Module._extensions..js (internal/modules/cjs/loader.js:787:10)
    at Object.require.extensions.(anonymous function) [as .ts] (/Users/eduardo/projects/landingzone-api/okta-oidc-js/packages/okta-angular/test/e2e/harness/node_modules/ts-node/src/index.ts:395:12)]]>
   </failure>
  </testcase>
  <testcase classname="Angular + Okta App" name="should redirect to Okta for login" time="5.941">
   <failure type="exception" message="Failed: Wait timed out after 5088ms"><![CDATA[TimeoutError: Wait timed out after 5088ms
    at /Users/eduardo/projects/landingzone-api/okta-oidc-js/packages/okta-angular/test/e2e/harness/node_modules/selenium-webdriver/lib/promise.js:2201:17
    at ManagedPromise.invokeCallback_ (/Users/eduardo/projects/landingzone-api/okta-oidc-js/packages/okta-angular/test/e2e/harness/node_modules/selenium-webdriver/lib/promise.js:1376:14)
    at TaskQueue.execute_ (/Users/eduardo/projects/landingzone-api/okta-oidc-js/packages/okta-angular/test/e2e/harness/node_modules/selenium-webdriver/lib/promise.js:3084:14)
    at TaskQueue.executeNext_ (/Users/eduardo/projects/landingzone-api/okta-oidc-js/packages/okta-angular/test/e2e/harness/node_modules/selenium-webdriver/lib/promise.js:3067:27)
    at asyncRun (/Users/eduardo/projects/landingzone-api/okta-oidc-js/packages/okta-angular/test/e2e/harness/node_modules/selenium-webdriver/lib/promise.js:2927:27)
    at /Users/eduardo/projects/landingzone-api/okta-oidc-js/packages/okta-angular/test/e2e/harness/node_modules/selenium-webdriver/lib/promise.js:668:7
    at process._tickCallback (internal/process/next_tick.js:68:7)
From: Task: <anonymous wait>
    at ControlFlow.protractor_1.browser.driver.controlFlow.execute (/Users/eduardo/projects/landingzone-api/okta-oidc-js/packages/okta-angular/test/e2e/harness/e2e/utils.ts:27:21)
    at scheduleWait (/Users/eduardo/projects/landingzone-api/okta-oidc-js/packages/okta-angular/test/e2e/harness/node_modules/selenium-webdriver/lib/promise.js:2188:20)
    at ControlFlow.wait (/Users/eduardo/projects/landingzone-api/okta-oidc-js/packages/okta-angular/test/e2e/harness/node_modules/selenium-webdriver/lib/promise.js:2517:12)
    at Driver.wait (/Users/eduardo/projects/landingzone-api/okta-oidc-js/packages/okta-angular/test/e2e/harness/node_modules/selenium-webdriver/lib/webdriver.js:934:29)
    at run (/Users/eduardo/projects/landingzone-api/okta-oidc-js/packages/okta-angular/test/e2e/harness/node_modules/protractor/built/browser.js:59:33)
    at ProtractorBrowser.to.(anonymous function) [as wait] (/Users/eduardo/projects/landingzone-api/okta-oidc-js/packages/okta-angular/test/e2e/harness/node_modules/protractor/built/browser.js:67:16)
    at OktaSignInPage.waitUntilVisible (/Users/eduardo/projects/landingzone-api/okta-oidc-js/packages/okta-angular/test/e2e/harness/e2e/page-objects/okta-signin.po.ts:24:15)
    at UserContext.<anonymous> (/Users/eduardo/projects/landingzone-api/okta-oidc-js/packages/okta-angular/test/e2e/harness/e2e/app.e2e-spec.ts:92:19)
    at /Users/eduardo/projects/landingzone-api/okta-oidc-js/packages/okta-angular/test/e2e/harness/node_modules/jasminewd2/index.js:112:25
    at new ManagedPromise (/Users/eduardo/projects/landingzone-api/okta-oidc-js/packages/okta-angular/test/e2e/harness/node_modules/selenium-webdriver/lib/promise.js:1077:7)
From: Task: Run it("should redirect to Okta for login") in control flow
    at ControlFlow.protractor_1.browser.driver.controlFlow.execute (/Users/eduardo/projects/landingzone-api/okta-oidc-js/packages/okta-angular/test/e2e/harness/e2e/utils.ts:27:21)
    at UserContext.<anonymous> (/Users/eduardo/projects/landingzone-api/okta-oidc-js/packages/okta-angular/test/e2e/harness/node_modules/jasminewd2/index.js:94:19)
    at attempt (/Users/eduardo/projects/landingzone-api/okta-oidc-js/packages/okta-angular/test/e2e/harness/node_modules/jasmine/node_modules/jasmine-core/lib/jasmine-core/jasmine.js:4297:26)
    at QueueRunner.run (/Users/eduardo/projects/landingzone-api/okta-oidc-js/packages/okta-angular/test/e2e/harness/node_modules/jasmine/node_modules/jasmine-core/lib/jasmine-core/jasmine.js:4217:20)
    at runNext (/Users/eduardo/projects/landingzone-api/okta-oidc-js/packages/okta-angular/test/e2e/harness/node_modules/jasmine/node_modules/jasmine-core/lib/jasmine-core/jasmine.js:4257:20)
    at /Users/eduardo/projects/landingzone-api/okta-oidc-js/packages/okta-angular/test/e2e/harness/node_modules/jasmine/node_modules/jasmine-core/lib/jasmine-core/jasmine.js:4264:13
    at /Users/eduardo/projects/landingzone-api/okta-oidc-js/packages/okta-angular/test/e2e/harness/node_modules/jasmine/node_modules/jasmine-core/lib/jasmine-core/jasmine.js:4172:9
    at /Users/eduardo/projects/landingzone-api/okta-oidc-js/packages/okta-angular/test/e2e/harness/node_modules/jasminewd2/index.js:64:48
    at ControlFlow.emit (/Users/eduardo/projects/landingzone-api/okta-oidc-js/packages/okta-angular/test/e2e/harness/node_modules/selenium-webdriver/lib/events.js:62:21)
    at ControlFlow.shutdown_ (/Users/eduardo/projects/landingzone-api/okta-oidc-js/packages/okta-angular/test/e2e/harness/node_modules/selenium-webdriver/lib/promise.js:2674:10)
From asynchronous test: 
Error
    at Suite.<anonymous> (/Users/eduardo/projects/landingzone-api/okta-oidc-js/packages/okta-angular/test/e2e/harness/e2e/app.e2e-spec.ts:89:3)
    at addSpecsToSuite (/Users/eduardo/projects/landingzone-api/okta-oidc-js/packages/okta-angular/test/e2e/harness/node_modules/jasmine/node_modules/jasmine-core/lib/jasmine-core/jasmine.js:1107:25)
    at Env.describe (/Users/eduardo/projects/landingzone-api/okta-oidc-js/packages/okta-angular/test/e2e/harness/node_modules/jasmine/node_modules/jasmine-core/lib/jasmine-core/jasmine.js:1074:7)
    at describe (/Users/eduardo/projects/landingzone-api/okta-oidc-js/packages/okta-angular/test/e2e/harness/node_modules/jasmine/node_modules/jasmine-core/lib/jasmine-core/jasmine.js:4399:18)
    at Object.<anonymous> (/Users/eduardo/projects/landingzone-api/okta-oidc-js/packages/okta-angular/test/e2e/harness/e2e/app.e2e-spec.ts:24:1)
    at Module._compile (internal/modules/cjs/loader.js:776:30)
    at Module.m._compile (/Users/eduardo/projects/landingzone-api/okta-oidc-js/packages/okta-angular/test/e2e/harness/node_modules/ts-node/src/index.ts:392:23)
    at Module._extensions..js (internal/modules/cjs/loader.js:787:10)
    at Object.require.extensions.(anonymous function) [as .ts] (/Users/eduardo/projects/landingzone-api/okta-oidc-js/packages/okta-angular/test/e2e/harness/node_modules/ts-node/src/index.ts:395:12)]]>
   </failure>
  </testcase>
  <testcase classname="Angular + Okta App" name="should allow passing sessionToken to skip Okta login" time="5.935">
   <failure type="exception" message="Failed: Wait timed out after 5069ms"><![CDATA[TimeoutError: Wait timed out after 5069ms
    at /Users/eduardo/projects/landingzone-api/okta-oidc-js/packages/okta-angular/test/e2e/harness/node_modules/selenium-webdriver/lib/promise.js:2201:17
    at ManagedPromise.invokeCallback_ (/Users/eduardo/projects/landingzone-api/okta-oidc-js/packages/okta-angular/test/e2e/harness/node_modules/selenium-webdriver/lib/promise.js:1376:14)
    at TaskQueue.execute_ (/Users/eduardo/projects/landingzone-api/okta-oidc-js/packages/okta-angular/test/e2e/harness/node_modules/selenium-webdriver/lib/promise.js:3084:14)
    at TaskQueue.executeNext_ (/Users/eduardo/projects/landingzone-api/okta-oidc-js/packages/okta-angular/test/e2e/harness/node_modules/selenium-webdriver/lib/promise.js:3067:27)
    at asyncRun (/Users/eduardo/projects/landingzone-api/okta-oidc-js/packages/okta-angular/test/e2e/harness/node_modules/selenium-webdriver/lib/promise.js:2927:27)
    at /Users/eduardo/projects/landingzone-api/okta-oidc-js/packages/okta-angular/test/e2e/harness/node_modules/selenium-webdriver/lib/promise.js:668:7
    at process._tickCallback (internal/process/next_tick.js:68:7)
From: Task: <anonymous wait>
    at ControlFlow.protractor_1.browser.driver.controlFlow.execute (/Users/eduardo/projects/landingzone-api/okta-oidc-js/packages/okta-angular/test/e2e/harness/e2e/utils.ts:27:21)
    at scheduleWait (/Users/eduardo/projects/landingzone-api/okta-oidc-js/packages/okta-angular/test/e2e/harness/node_modules/selenium-webdriver/lib/promise.js:2188:20)
    at ControlFlow.wait (/Users/eduardo/projects/landingzone-api/okta-oidc-js/packages/okta-angular/test/e2e/harness/node_modules/selenium-webdriver/lib/promise.js:2517:12)
    at Driver.wait (/Users/eduardo/projects/landingzone-api/okta-oidc-js/packages/okta-angular/test/e2e/harness/node_modules/selenium-webdriver/lib/webdriver.js:934:29)
    at run (/Users/eduardo/projects/landingzone-api/okta-oidc-js/packages/okta-angular/test/e2e/harness/node_modules/protractor/built/browser.js:59:33)
    at ProtractorBrowser.to.(anonymous function) [as wait] (/Users/eduardo/projects/landingzone-api/okta-oidc-js/packages/okta-angular/test/e2e/harness/node_modules/protractor/built/browser.js:67:16)
    at SessionTokenSignInPage.waitUntilVisible (/Users/eduardo/projects/landingzone-api/okta-oidc-js/packages/okta-angular/test/e2e/harness/e2e/page-objects/sessionToken-signin.po.ts:21:13)
    at UserContext.<anonymous> (/Users/eduardo/projects/landingzone-api/okta-oidc-js/packages/okta-angular/test/e2e/harness/e2e/app.e2e-spec.ts:110:28)
    at /Users/eduardo/projects/landingzone-api/okta-oidc-js/packages/okta-angular/test/e2e/harness/node_modules/jasminewd2/index.js:112:25
    at new ManagedPromise (/Users/eduardo/projects/landingzone-api/okta-oidc-js/packages/okta-angular/test/e2e/harness/node_modules/selenium-webdriver/lib/promise.js:1077:7)
From: Task: Run it("should allow passing sessionToken to skip Okta login") in control flow
    at ControlFlow.protractor_1.browser.driver.controlFlow.execute (/Users/eduardo/projects/landingzone-api/okta-oidc-js/packages/okta-angular/test/e2e/harness/e2e/utils.ts:27:21)
    at UserContext.<anonymous> (/Users/eduardo/projects/landingzone-api/okta-oidc-js/packages/okta-angular/test/e2e/harness/node_modules/jasminewd2/index.js:94:19)
    at attempt (/Users/eduardo/projects/landingzone-api/okta-oidc-js/packages/okta-angular/test/e2e/harness/node_modules/jasmine/node_modules/jasmine-core/lib/jasmine-core/jasmine.js:4297:26)
    at QueueRunner.run (/Users/eduardo/projects/landingzone-api/okta-oidc-js/packages/okta-angular/test/e2e/harness/node_modules/jasmine/node_modules/jasmine-core/lib/jasmine-core/jasmine.js:4217:20)
    at runNext (/Users/eduardo/projects/landingzone-api/okta-oidc-js/packages/okta-angular/test/e2e/harness/node_modules/jasmine/node_modules/jasmine-core/lib/jasmine-core/jasmine.js:4257:20)
    at /Users/eduardo/projects/landingzone-api/okta-oidc-js/packages/okta-angular/test/e2e/harness/node_modules/jasmine/node_modules/jasmine-core/lib/jasmine-core/jasmine.js:4264:13
    at /Users/eduardo/projects/landingzone-api/okta-oidc-js/packages/okta-angular/test/e2e/harness/node_modules/jasmine/node_modules/jasmine-core/lib/jasmine-core/jasmine.js:4172:9
    at /Users/eduardo/projects/landingzone-api/okta-oidc-js/packages/okta-angular/test/e2e/harness/node_modules/jasminewd2/index.js:64:48
    at ControlFlow.emit (/Users/eduardo/projects/landingzone-api/okta-oidc-js/packages/okta-angular/test/e2e/harness/node_modules/selenium-webdriver/lib/events.js:62:21)
    at ControlFlow.shutdown_ (/Users/eduardo/projects/landingzone-api/okta-oidc-js/packages/okta-angular/test/e2e/harness/node_modules/selenium-webdriver/lib/promise.js:2674:10)
From asynchronous test: 
Error
    at Suite.<anonymous> (/Users/eduardo/projects/landingzone-api/okta-oidc-js/packages/okta-angular/test/e2e/harness/e2e/app.e2e-spec.ts:107:3)
    at addSpecsToSuite (/Users/eduardo/projects/landingzone-api/okta-oidc-js/packages/okta-angular/test/e2e/harness/node_modules/jasmine/node_modules/jasmine-core/lib/jasmine-core/jasmine.js:1107:25)
    at Env.describe (/Users/eduardo/projects/landingzone-api/okta-oidc-js/packages/okta-angular/test/e2e/harness/node_modules/jasmine/node_modules/jasmine-core/lib/jasmine-core/jasmine.js:1074:7)
    at describe (/Users/eduardo/projects/landingzone-api/okta-oidc-js/packages/okta-angular/test/e2e/harness/node_modules/jasmine/node_modules/jasmine-core/lib/jasmine-core/jasmine.js:4399:18)
    at Object.<anonymous> (/Users/eduardo/projects/landingzone-api/okta-oidc-js/packages/okta-angular/test/e2e/harness/e2e/app.e2e-spec.ts:24:1)
    at Module._compile (internal/modules/cjs/loader.js:776:30)
    at Module.m._compile (/Users/eduardo/projects/landingzone-api/okta-oidc-js/packages/okta-angular/test/e2e/harness/node_modules/ts-node/src/index.ts:392:23)
    at Module._extensions..js (internal/modules/cjs/loader.js:787:10)
    at Object.require.extensions.(anonymous function) [as .ts] (/Users/eduardo/projects/landingzone-api/okta-oidc-js/packages/okta-angular/test/e2e/harness/node_modules/ts-node/src/index.ts:395:12)]]>
   </failure>
  </testcase>
 </testsuite>
</testsuites>